[2025-12-08 14:58:57.213] [Xeno] [trace] Xeno is only maintained by Rizve. If you find any bugs, have any question, or just want to chat email me rizve@xeno.onl or DM me on Discord: .rizve
[2025-12-08 14:58:57.214] [Xeno] [info] Version: Xeno - v1.3.05
[2025-12-08 14:58:57.214] [Xeno] [info] Log file: C:\Users\sound\Desktop\Cmmdx - xeno\CmmdxExecut\CmmdxExecut\bin\Debug\net8.0-windows\logs\2025-12-08_14-58-57.log
[2025-12-08 14:58:57.216] [Xeno] [debug] Client Checker thread: 0xf85d37e560
[2025-12-08 14:58:57.216] [Xeno] [debug] Xeno Caching thread: 0xf85d37e550
[2025-12-08 14:58:57.216] [Xeno] [debug] WebSockets Cleaner thread: 0xf85d37e540
[2025-12-08 14:58:57.216] [Xeno] [debug] Xeno Server thread: 0xf85d37e530
[2025-12-08 14:58:57.217] [Server] [info] Listening on http://localhost:3110
[2025-12-08 14:58:57.218] [Cache] [info] Caching file: C:\Users\sound\AppData\Local\Xeno\XENO_CACHE.bin
[2025-12-08 14:59:14.327] [Xeno] [info] Creating new RBXClient: 28596
[2025-12-08 14:59:14.327] [RBXClient] [info] [28596]: Initializing...
[2025-12-08 14:59:14.327] [RBXClient] [info] [28596]: Version: version-dbb4f481c3cc443b
[2025-12-08 14:59:14.327] [Xeno] [debug] Created RBXClient instance @0x2318285a1c0
[2025-12-08 14:59:14.327] [Xeno] [info] Successfully created RBXClient: 28596
[2025-12-08 14:59:14.328] [RBXClient] [debug] [28596]: Fetching DataModel...
[2025-12-08 14:59:14.358] [RBXClient] [debug] [28596]: 	String: 0x2128eb94fd0
[2025-12-08 14:59:14.358] [RBXClient] [debug] [28596]: 	RenderView: 0x2128eb52800
[2025-12-08 14:59:14.358] [RBXClient] [debug] [28596]: DataModel (Ugc): 0x21280ddaa38
[2025-12-08 14:59:14.358] [RBXClient] [debug] [28596]: LocalPlayer: 0x21282bf1080
[2025-12-08 14:59:14.358] [RBXClient] [debug] [23r23r23r2327 (28596)]: LocalPlayer Name: '23r23r23r2327'
[2025-12-08 14:59:14.359] [RBXClient] [trace] [23r23r23r2327 (28596)]: Attaching in-game using translation module.
[2025-12-08 14:59:14.359] [RBXClient] [debug] [23r23r23r2327 (28596)]: EventConnection: 0x21288d87b00, SharedString: 0x2128aed6080
[2025-12-08 14:59:14.542] [RBXClient] [trace] [23r23r23r2327 (28596)]: Intercepted translation module @0x21288d8aa40
[2025-12-08 14:59:14.919] [RBXClient] [warning] [23r23r23r2327 (28596)]: Attach is taking longer than expected... (I hate you 23r23r23r2327)
[2025-12-08 14:59:16.375] [RBXClient] [trace] [23r23r23r2327 (28596)]: Attach ping received from client "23r23r23r2327", This indicates everything was successful.
[2025-12-08 15:00:25.287] [Xeno] [info] Removed RBXClient: 28596
[2025-12-08 15:00:30.288] [Xeno] [info] Cleaned up '28596' from InitializedClients
