[2025-12-07 13:08:51.232] [Xeno] [trace] Xeno is only maintained by Rizve. If you find any bugs, have any question, or just want to chat email me rizve@xeno.onl or DM me on Discord: .rizve
[2025-12-07 13:08:51.232] [Xeno] [info] Version: Xeno - v1.3.05
[2025-12-07 13:08:51.232] [Xeno] [info] Log file: C:\Users\sound\Desktop\Cmmdx - xeno\CmmdxExecut\CmmdxExecut\bin\Debug\net8.0-windows\logs\2025-12-07_13-08-51.log
[2025-12-07 13:08:51.234] [Xeno] [debug] Client Checker thread: 0x8cbd37e530
[2025-12-07 13:08:51.234] [Xeno] [debug] Xeno Caching thread: 0x8cbd37e520
[2025-12-07 13:08:51.234] [Xeno] [debug] WebSockets Cleaner thread: 0x8cbd37e510
[2025-12-07 13:08:51.234] [Xeno] [debug] Xeno Server thread: 0x8cbd37e500
[2025-12-07 13:08:51.234] [Cache] [info] Caching file: C:\Users\sound\AppData\Local\Xeno\XENO_CACHE.bin
[2025-12-07 13:08:51.234] [Server] [info] Listening on http://localhost:3110
[2025-12-07 13:09:26.024] [Xeno] [info] Creating new RBXClient: 23404
[2025-12-07 13:09:26.024] [RBXClient] [info] [23404]: Initializing...
[2025-12-07 13:09:26.024] [RBXClient] [info] [23404]: Version: version-dbb4f481c3cc443b
[2025-12-07 13:09:26.024] [Xeno] [debug] Created RBXClient instance @0x20d82840180
[2025-12-07 13:09:26.024] [Xeno] [info] Successfully created RBXClient: 23404
[2025-12-07 13:09:26.025] [RBXClient] [debug] [23404]: Fetching DataModel...
[2025-12-07 13:09:26.263] [RBXClient] [debug] [23404]: 	String: 0x1e244d14fd0
[2025-12-07 13:09:26.263] [RBXClient] [debug] [23404]: 	RenderView: 0x1e244cd2800
[2025-12-07 13:09:26.263] [RBXClient] [debug] [23404]: DataModel (Ugc): 0x1e237ffaa38
[2025-12-07 13:09:26.263] [RBXClient] [debug] [23404]: LocalPlayer: 0x1e2483a3080
[2025-12-07 13:09:26.263] [RBXClient] [debug] [23r23r23r2327 (23404)]: LocalPlayer Name: '23r23r23r2327'
[2025-12-07 13:09:26.264] [RBXClient] [trace] [23r23r23r2327 (23404)]: Attaching in-game using translation module.
[2025-12-07 13:09:26.265] [RBXClient] [debug] [23r23r23r2327 (23404)]: EventConnection: 0x1e23e3d7b00, SharedString: 0x1e240625b80
[2025-12-07 13:09:26.478] [RBXClient] [trace] [23r23r23r2327 (23404)]: Intercepted translation module @0x1e23e3daa40
[2025-12-07 13:09:26.857] [RBXClient] [warning] [23r23r23r2327 (23404)]: Attach is taking longer than expected... (I hate you 23r23r23r2327)
[2025-12-07 13:09:28.811] [RBXClient] [trace] [23r23r23r2327 (23404)]: Attach ping received from client "23r23r23r2327", This indicates everything was successful.
