[2025-12-07 12:30:05.645] [Xeno] [trace] Xeno is only maintained by Rizve. If you find any bugs, have any question, or just want to chat email me rizve@xeno.onl or DM me on Discord: .rizve
[2025-12-07 12:30:05.645] [Xeno] [info] Version: Xeno - v1.3.05
[2025-12-07 12:30:05.645] [Xeno] [info] Log file: C:\Users\sound\Desktop\Cmmdx - xeno\CmmdxExecut\CmmdxExecut\bin\Debug\net8.0-windows\logs\2025-12-07_12-30-05.log
[2025-12-07 12:30:05.646] [Xeno] [debug] Client Checker thread: 0xe16d3ee9d0
[2025-12-07 12:30:05.646] [Xeno] [debug] Xeno Caching thread: 0xe16d3ee9c0
[2025-12-07 12:30:05.646] [Xeno] [debug] WebSockets Cleaner thread: 0xe16d3ee9b0
[2025-12-07 12:30:05.646] [Xeno] [debug] Xeno Server thread: 0xe16d3ee9a0
[2025-12-07 12:30:05.646] [Cache] [info] Caching file: C:\Users\sound\AppData\Local\Xeno\XENO_CACHE.bin
[2025-12-07 12:30:05.646] [Server] [info] Listening on http://localhost:3110
[2025-12-07 12:30:19.457] [Xeno] [info] Creating new RBXClient: 29616
[2025-12-07 12:30:19.457] [RBXClient] [info] [29616]: Initializing...
[2025-12-07 12:30:19.457] [RBXClient] [info] [29616]: Version: version-dbb4f481c3cc443b
[2025-12-07 12:30:19.458] [Xeno] [debug] Created RBXClient instance @0x1ff8010e080
[2025-12-07 12:30:19.458] [Xeno] [info] Successfully created RBXClient: 29616
[2025-12-07 12:30:19.458] [RBXClient] [debug] [29616]: Fetching DataModel...
[2025-12-07 12:30:19.492] [RBXClient] [debug] [29616]: 	String: 0x23a8eb64fd0
[2025-12-07 12:30:19.493] [RBXClient] [debug] [29616]: 	RenderView: 0x23a8eb22800
[2025-12-07 12:30:19.493] [RBXClient] [debug] [29616]: DataModel (Ugc): 0x23a80dcaa38
[2025-12-07 12:30:19.493] [RBXClient] [debug] [29616]: LocalPlayer: 0x23a89d9c080
[2025-12-07 12:30:19.493] [RBXClient] [debug] [23r23r23r2327 (29616)]: LocalPlayer Name: '23r23r23r2327'
[2025-12-07 12:30:19.494] [RBXClient] [trace] [23r23r23r2327 (29616)]: Attaching in-game using translation module.
[2025-12-07 12:30:19.495] [RBXClient] [debug] [23r23r23r2327 (29616)]: EventConnection: 0x23a89c07b00, SharedString: 0x23a8a7c5900
[2025-12-07 12:30:19.731] [RBXClient] [trace] [23r23r23r2327 (29616)]: Intercepted translation module @0x23a89c0aa40
[2025-12-07 12:30:20.193] [RBXClient] [warning] [23r23r23r2327 (29616)]: Attach is taking longer than expected... (I hate you 23r23r23r2327)
[2025-12-07 12:30:22.507] [RBXClient] [warning] [23r23r23r2327 (29616)]: Did not receive the success ping from client, trying one last time...
[2025-12-07 12:30:24.619] [RBXClient] [warning] [23r23r23r2327 (29616)]: Still did not receive the success ping from client. Attempting to restart current thread...
[2025-12-07 12:30:24.619] [RBXClient] [info] [23r23r23r2327 (29616)]: RenderView retrieved from Cache: 0x23a8eb22800
[2025-12-07 12:30:24.619] [RBXClient] [debug] [23r23r23r2327 (29616)]: DataModel (Ugc): 0x23a80dcaa38
[2025-12-07 12:30:24.620] [RBXClient] [debug] [23r23r23r2327 (29616)]: LocalPlayer: 0x23a89d9c080
[2025-12-07 12:30:24.620] [RBXClient] [debug] [23r23r23r2327 (29616)]: LocalPlayer Name: '23r23r23r2327'
[2025-12-07 12:30:24.620] [RBXClient] [info] [23r23r23r2327 (29616)]: Client was already attached, handling important core functions for the client :D
[2025-12-07 12:30:25.999] [RBXClient] [trace] [23r23r23r2327 (29616)]: Attach ping received from client "23r23r23r2327", This indicates everything was successful.
[2025-12-07 12:30:53.402] [Xeno] [info] Removed RBXClient: 29616
