[2025-12-07 12:20:38.962] [Xeno] [trace] Xeno is only maintained by Rizve. If you find any bugs, have any question, or just want to chat email me rizve@xeno.onl or DM me on Discord: .rizve
[2025-12-07 12:20:38.962] [Xeno] [info] Version: Xeno - v1.3.00
[2025-12-07 12:20:38.962] [Xeno] [info] Log file: C:\Users\sound\Desktop\Cmmdx - xeno\CmmdxExecut\CmmdxExecut\bin\Debug\net8.0-windows\logs\2025-12-07_12-20-38.log
[2025-12-07 12:20:38.963] [Xeno] [debug] Client Checker thread: 0x46de77e890
[2025-12-07 12:20:38.963] [Xeno] [debug] Xeno Caching thread: 0x46de77e880
[2025-12-07 12:20:38.964] [Xeno] [debug] WebSockets Cleaner thread: 0x46de77e870
[2025-12-07 12:20:38.964] [Xeno] [debug] Xeno Server thread: 0x46de77e860
[2025-12-07 12:20:38.964] [Cache] [info] Caching file: C:\Users\sound\AppData\Local\Xeno\XENO_CACHE.bin
[2025-12-07 12:20:38.964] [Server] [info] Listening on http://localhost:3110
[2025-12-07 12:21:36.390] [Xeno] [info] Creating new RBXClient: 26452
[2025-12-07 12:21:36.390] [RBXClient] [info] [26452]: Initializing...
[2025-12-07 12:21:36.391] [RBXClient] [info] [26452]: Version: version-dbb4f481c3cc443b
[2025-12-07 12:21:36.391] [Xeno] [debug] Created RBXClient instance @0x1a902836a80
[2025-12-07 12:21:36.391] [Xeno] [info] Successfully created RBXClient: 26452
[2025-12-07 12:21:36.391] [RBXClient] [debug] [26452]: Fetching DataModel...
[2025-12-07 12:21:36.435] [RBXClient] [debug] [26452]: 	String: 0x217a01176d0
[2025-12-07 12:21:36.435] [RBXClient] [debug] [26452]: 	RenderView: 0x2178f592800
[2025-12-07 12:21:36.435] [RBXClient] [debug] [26452]: DataModel (Ugc): 0x2178fc60238
[2025-12-07 12:21:36.435] [RBXClient] [debug] [26452]: LocalPlayer: 0x2179f123080
[2025-12-07 12:21:36.435] [RBXClient] [debug] [23r23r23r2327 (26452)]: LocalPlayer Name: '23r23r23r2327'
[2025-12-07 12:21:36.436] [RBXClient] [trace] [23r23r23r2327 (26452)]: Attaching in-game using translation module.
[2025-12-07 12:21:36.436] [RBXClient] [debug] [23r23r23r2327 (26452)]: EventConnection: 0x21787f73340, SharedString: 0x2179273b1c0
[2025-12-07 12:21:36.622] [RBXClient] [trace] [23r23r23r2327 (26452)]: Intercepted translation module @0x21787f76280
[2025-12-07 12:21:37.054] [RBXClient] [warning] [23r23r23r2327 (26452)]: Attach is taking longer than expected... (I hate you 23r23r23r2327)
[2025-12-07 12:21:39.356] [RBXClient] [warning] [23r23r23r2327 (26452)]: Did not receive the success ping from client, trying one last time...
[2025-12-07 12:21:41.449] [RBXClient] [warning] [23r23r23r2327 (26452)]: Still did not receive the success ping from client. Attempting to restart current thread...
[2025-12-07 12:21:41.449] [RBXClient] [info] [23r23r23r2327 (26452)]: RenderView retrieved from Cache: 0x2178f592800
[2025-12-07 12:21:41.449] [RBXClient] [debug] [23r23r23r2327 (26452)]: DataModel (Ugc): 0x2178fc60238
[2025-12-07 12:21:41.450] [RBXClient] [debug] [23r23r23r2327 (26452)]: LocalPlayer: 0x2179f123080
[2025-12-07 12:21:41.450] [RBXClient] [debug] [23r23r23r2327 (26452)]: LocalPlayer Name: '23r23r23r2327'
[2025-12-07 12:21:41.450] [RBXClient] [trace] [23r23r23r2327 (26452)]: Attaching in-game using translation module.
[2025-12-07 12:21:41.451] [RBXClient] [debug] [23r23r23r2327 (26452)]: EventConnection: 0x21787f73340, SharedString: 0x2179273b1c0
[2025-12-07 12:21:41.601] [RBXClient] [trace] [23r23r23r2327 (26452)]: Intercepted translation module @0x21787f76280
[2025-12-07 12:21:41.942] [RBXClient] [warning] [23r23r23r2327 (26452)]: Attach is taking longer than expected... (I hate you 23r23r23r2327)
[2025-12-07 12:21:44.258] [RBXClient] [critical] [23r23r23r2327 (26452)]: Could not attach in-game. Something may be interfering with the attach process. Please contact me (Rizve) if this issue persists.
