[2025-12-08 14:49:48.773] [Xeno] [trace] Xeno is only maintained by Rizve. If you find any bugs, have any question, or just want to chat email me rizve@xeno.onl or DM me on Discord: .rizve
[2025-12-08 14:49:48.773] [Xeno] [info] Version: Xeno - v1.3.05
[2025-12-08 14:49:48.773] [Xeno] [info] Log file: C:\Users\sound\Desktop\Cmmdx - xeno\CmmdxExecut\CmmdxExecut\bin\Debug\net8.0-windows\logs\2025-12-08_14-49-48.log
[2025-12-08 14:49:48.775] [Xeno] [debug] Client Checker thread: 0x33b37ec10
[2025-12-08 14:49:48.775] [Xeno] [debug] Xeno Caching thread: 0x33b37ec00
[2025-12-08 14:49:48.775] [Xeno] [debug] WebSockets Cleaner thread: 0x33b37ebf0
[2025-12-08 14:49:48.775] [Xeno] [debug] Xeno Server thread: 0x33b37ebe0
[2025-12-08 14:49:48.775] [Cache] [info] Caching file: C:\Users\sound\AppData\Local\Xeno\XENO_CACHE.bin
[2025-12-08 14:49:48.776] [Server] [info] Listening on http://localhost:3110
[2025-12-08 14:50:35.093] [Xeno] [info] Creating new RBXClient: 12796
[2025-12-08 14:50:35.093] [RBXClient] [info] [12796]: Initializing...
[2025-12-08 14:50:35.093] [RBXClient] [info] [12796]: Version: version-dbb4f481c3cc443b
[2025-12-08 14:50:35.093] [Xeno] [debug] Created RBXClient instance @0x1ed001e9730
[2025-12-08 14:50:35.093] [Xeno] [info] Successfully created RBXClient: 12796
[2025-12-08 14:50:35.094] [RBXClient] [debug] [12796]: Fetching DataModel...
[2025-12-08 14:50:35.201] [RBXClient] [debug] [12796]: 	String: 0x2ba4d5d4fd0
[2025-12-08 14:50:35.201] [RBXClient] [debug] [12796]: 	RenderView: 0x2ba4d592800
[2025-12-08 14:50:35.201] [RBXClient] [debug] [12796]: DataModel (Ugc): 0x2ba3ee0aa38
[2025-12-08 14:50:35.201] [RBXClient] [debug] [12796]: LocalPlayer: 0x2ba48186080
[2025-12-08 14:50:35.201] [RBXClient] [debug] [23r23r23r2327 (12796)]: LocalPlayer Name: '23r23r23r2327'
[2025-12-08 14:50:35.202] [RBXClient] [trace] [23r23r23r2327 (12796)]: Attaching in-game using translation module.
[2025-12-08 14:50:35.202] [RBXClient] [debug] [23r23r23r2327 (12796)]: EventConnection: 0x2ba478a7b00, SharedString: 0x2ba4ad85680
[2025-12-08 14:50:35.378] [RBXClient] [trace] [23r23r23r2327 (12796)]: Intercepted translation module @0x2ba478aaa40
[2025-12-08 14:50:35.487] [RBXClient] [trace] [23r23r23r2327 (12796)]: Attach ping received from client "23r23r23r2327", This indicates everything was successful.
[2025-12-08 14:50:42.766] [Xeno] [info] Removed RBXClient: 12796
