[2025-12-08 14:46:17.108] [Xeno] [trace] Xeno is only maintained by Rizve. If you find any bugs, have any question, or just want to chat email me rizve@xeno.onl or DM me on Discord: .rizve
[2025-12-08 14:46:17.108] [Xeno] [info] Version: Xeno - v1.3.05
[2025-12-08 14:46:17.108] [Xeno] [info] Log file: C:\Users\sound\Desktop\Cmmdx - xeno\CmmdxExecut\CmmdxExecut\bin\Debug\net8.0-windows\logs\2025-12-08_14-46-17.log
[2025-12-08 14:46:17.109] [Xeno] [debug] Client Checker thread: 0x1e2557e600
[2025-12-08 14:46:17.109] [Xeno] [debug] Xeno Caching thread: 0x1e2557e5f0
[2025-12-08 14:46:17.109] [Xeno] [debug] WebSockets Cleaner thread: 0x1e2557e5e0
[2025-12-08 14:46:17.109] [Xeno] [debug] Xeno Server thread: 0x1e2557e5d0
[2025-12-08 14:46:17.110] [Cache] [info] Caching file: C:\Users\sound\AppData\Local\Xeno\XENO_CACHE.bin
[2025-12-08 14:46:17.110] [Server] [info] Listening on http://localhost:3110
[2025-12-08 14:47:12.302] [Xeno] [info] Creating new RBXClient: 26988
[2025-12-08 14:47:12.302] [RBXClient] [info] [26988]: Initializing...
[2025-12-08 14:47:12.302] [RBXClient] [info] [26988]: Version: version-dbb4f481c3cc443b
[2025-12-08 14:47:12.302] [Xeno] [debug] Created RBXClient instance @0x1d7829ba350
[2025-12-08 14:47:12.302] [Xeno] [info] Successfully created RBXClient: 26988
[2025-12-08 14:47:12.303] [RBXClient] [debug] [26988]: Fetching DataModel...
[2025-12-08 14:47:12.326] [RBXClient] [debug] [26988]: 	String: 0x17b0c224fd0
[2025-12-08 14:47:12.326] [RBXClient] [debug] [26988]: 	RenderView: 0x17b0bf92800
[2025-12-08 14:47:12.326] [RBXClient] [debug] [26988]: DataModel (Ugc): 0x17b00ddaa38
[2025-12-08 14:47:12.328] [RBXClient] [debug] [26988]: LocalPlayer: 0x17b02d90080
[2025-12-08 14:47:12.328] [RBXClient] [debug] [23r23r23r2327 (26988)]: LocalPlayer Name: '23r23r23r2327'
[2025-12-08 14:47:12.328] [RBXClient] [trace] [23r23r23r2327 (26988)]: Attaching in-game using translation module.
[2025-12-08 14:47:12.329] [RBXClient] [debug] [23r23r23r2327 (26988)]: EventConnection: 0x17b03f67b00, SharedString: 0x17b04c34680
[2025-12-08 14:47:12.475] [RBXClient] [trace] [23r23r23r2327 (26988)]: Intercepted translation module @0x17b03f6aa40
[2025-12-08 14:47:12.558] [RBXClient] [trace] [23r23r23r2327 (26988)]: Attach ping received from client "23r23r23r2327", This indicates everything was successful.
[2025-12-08 14:49:12.583] [Xeno] [info] Removed RBXClient: 26988
