[2025-12-08 15:02:39.161] [Xeno] [trace] Xeno is only maintained by Rizve. If you find any bugs, have any question, or just want to chat email me rizve@xeno.onl or DM me on Discord: .rizve
[2025-12-08 15:02:39.161] [Xeno] [info] Version: Xeno - v1.3.05
[2025-12-08 15:02:39.161] [Xeno] [info] Log file: C:\Users\sound\Desktop\Cmmdx - xeno\CmmdxExecut\CmmdxExecut\bin\Debug\net8.0-windows\logs\2025-12-08_15-02-39.log
[2025-12-08 15:02:39.162] [Xeno] [debug] Client Checker thread: 0xb44a77e850
[2025-12-08 15:02:39.162] [Xeno] [debug] Xeno Caching thread: 0xb44a77e840
[2025-12-08 15:02:39.162] [Xeno] [debug] WebSockets Cleaner thread: 0xb44a77e830
[2025-12-08 15:02:39.162] [Xeno] [debug] Xeno Server thread: 0xb44a77e820
[2025-12-08 15:02:39.163] [Cache] [info] Caching file: C:\Users\sound\AppData\Local\Xeno\XENO_CACHE.bin
[2025-12-08 15:02:39.163] [Server] [info] Listening on http://localhost:3110
[2025-12-08 15:02:46.839] [Xeno] [info] Creating new RBXClient: 23620
[2025-12-08 15:02:46.839] [RBXClient] [info] [23620]: Initializing...
[2025-12-08 15:02:46.839] [RBXClient] [info] [23620]: Version: version-dbb4f481c3cc443b
[2025-12-08 15:02:46.839] [Xeno] [debug] Created RBXClient instance @0x1f402aa73b0
[2025-12-08 15:02:46.839] [Xeno] [info] Successfully created RBXClient: 23620
[2025-12-08 15:02:46.840] [RBXClient] [debug] [23620]: Fetching DataModel...
[2025-12-08 15:02:46.863] [RBXClient] [debug] [23620]: 	String: 0x2960f5c4fd0
[2025-12-08 15:02:46.863] [RBXClient] [debug] [23620]: 	RenderView: 0x2960f582800
[2025-12-08 15:02:46.863] [RBXClient] [debug] [23620]: DataModel (Ugc): 0x29600dcb638
[2025-12-08 15:02:46.864] [RBXClient] [debug] [23620]: LocalPlayer: 0x29608d35080
[2025-12-08 15:02:46.864] [RBXClient] [debug] [23r23r23r2327 (23620)]: LocalPlayer Name: '23r23r23r2327'
[2025-12-08 15:02:46.864] [RBXClient] [trace] [23r23r23r2327 (23620)]: Attaching in-game using translation module.
[2025-12-08 15:02:46.865] [RBXClient] [debug] [23r23r23r2327 (23620)]: EventConnection: 0x29609857b00, SharedString: 0x2960cd667c0
[2025-12-08 15:02:47.042] [RBXClient] [trace] [23r23r23r2327 (23620)]: Intercepted translation module @0x2960985aa40
[2025-12-08 15:02:47.133] [RBXClient] [trace] [23r23r23r2327 (23620)]: Attach ping received from client "23r23r23r2327", This indicates everything was successful.
[2025-12-08 15:04:23.271] [Xeno] [info] Removed RBXClient: 23620
