[2026-02-15 00:04:49.338] [Xeno] [trace] Xeno is only maintained by Rizve. If you find any bugs, have any question, or just want to chat email me rizve@xeno.onl or DM me on Discord: .rizve
[2026-02-15 00:04:49.338] [Xeno] [info] Version: Xeno - v1.3.25b
[2026-02-15 00:04:49.338] [Xeno] [info] Log file: C:\Users\Theso\OneDrive\Desktop\Cmmdx - xeno\CmmdxExecut\CmmdxExecut\bin\Debug\net8.0-windows\logs\2026-02-15_00-04-49.log
[2026-02-15 00:04:49.339] [Xeno] [debug] Client Checker thread: 0x4e0c37ea30
[2026-02-15 00:04:49.339] [Xeno] [debug] Xeno Caching thread: 0x4e0c37ea20
[2026-02-15 00:04:49.339] [Xeno] [debug] WebSockets Cleaner thread: 0x4e0c37ea10
[2026-02-15 00:04:49.339] [Cache] [info] Caching file: C:\Users\Theso\AppData\Local\Xeno\XENO_CACHE.bin
[2026-02-15 00:04:49.340] [Xeno] [debug] Xeno Server thread: 0x4e0c37ea00
[2026-02-15 00:04:49.340] [Server] [info] Xeno Server is Live on http://localhost:3110
[2026-02-15 00:04:49.340] [Server] [info] Visit http://localhost:3110 to view any additional information
[2026-02-15 00:05:05.761] [Xeno] [info] Creating new RBXClient: 19740
[2026-02-15 00:05:05.761] [RBXClient] [info] [19740]: Initializing...
[2026-02-15 00:05:05.761] [RBXClient] [info] [19740]: Version: version-bd08027bb04e4045
[2026-02-15 00:05:05.761] [Xeno] [debug] Created RBXClient instance @0x1c1b877c5a0
[2026-02-15 00:05:05.761] [Xeno] [info] Successfully created RBXClient: 19740
[2026-02-15 00:05:05.761] [RBXClient] [trace] [19740]: Attempting to retrieve RBXClient data...
[2026-02-15 00:05:05.817] [RBXClient] [trace] [19740]: Successfully retrieved RBXClient data (Primary)
[2026-02-15 00:05:05.818] [RBXClient] [debug] [19740]: Fetching DataModel...
[2026-02-15 00:05:05.848] [RBXClient] [debug] [19740]: 	String: 0x1f0299f6d50
[2026-02-15 00:05:05.848] [RBXClient] [debug] [19740]: 	RenderView: 0x1f02995e680
[2026-02-15 00:05:05.849] [RBXClient] [debug] [19740]: DataModel (Ugc): 0x1f01d4cb638
[2026-02-15 00:05:05.850] [RBXClient] [debug] [19740]: LocalPlayer: 0x1f0202c3080
[2026-02-15 00:05:05.850] [RBXClient] [debug] [ergergegrg51 (19740)]: LocalPlayer Name: 'ergergegrg51'
[2026-02-15 00:05:05.851] [RBXClient] [trace] [ergergegrg51 (19740)]: Attaching in-game using translation module.
[2026-02-15 00:05:05.851] [RBXClient] [debug] [ergergegrg51 (19740)]: EventConnection: 0x1f020202700, SharedString: 0x1f0201e4980
[2026-02-15 00:05:06.012] [RBXClient] [trace] [ergergegrg51 (19740)]: Intercepted translation module @0x1f020205100
[2026-02-15 00:05:06.040] [RBXClient] [trace] [ergergegrg51 (19740)][::CRefresh]: Client DataModel refreshed
[2026-02-15 00:05:06.045] [RBXClient] [trace] [ergergegrg51 (19740)]: Attach ping received from client "ergergegrg51", This indicates everything was successful.
