[2026-02-15 22:16:56.687] [Xeno] [trace] Xeno is only maintained by Rizve. If you find any bugs, have any question, or just want to chat email me rizve@xeno.onl or DM me on Discord: .rizve
[2026-02-15 22:16:56.687] [Xeno] [info] Version: Xeno - v1.3.25b
[2026-02-15 22:16:56.687] [Xeno] [info] Log file: C:\Users\Theso\OneDrive\Desktop\Cmmdx - xeno\CmmdxExecut\CmmdxExecut\bin\Debug\net8.0-windows\logs\2026-02-15_22-16-56.log
[2026-02-15 22:16:56.688] [Xeno] [debug] Client Checker thread: 0x53963ce8c0
[2026-02-15 22:16:56.688] [Xeno] [debug] Xeno Caching thread: 0x53963ce8b0
[2026-02-15 22:16:56.689] [Xeno] [debug] WebSockets Cleaner thread: 0x53963ce8a0
[2026-02-15 22:16:56.689] [Cache] [info] Caching file: C:\Users\Theso\AppData\Local\Xeno\XENO_CACHE.bin
[2026-02-15 22:16:56.689] [Xeno] [debug] Xeno Server thread: 0x53963ce890
[2026-02-15 22:16:56.689] [Server] [info] Xeno Server is Live on http://localhost:3110
[2026-02-15 22:16:56.689] [Server] [info] Visit http://localhost:3110 to view any additional information
[2026-02-15 22:17:47.064] [Xeno] [info] Creating new RBXClient: 25680
[2026-02-15 22:17:47.064] [RBXClient] [info] [25680]: Initializing...
[2026-02-15 22:17:47.065] [RBXClient] [info] [25680]: Version: version-bd08027bb04e4045
[2026-02-15 22:17:47.065] [Xeno] [debug] Created RBXClient instance @0x20625203730
[2026-02-15 22:17:47.065] [Xeno] [info] Successfully created RBXClient: 25680
[2026-02-15 22:17:47.065] [RBXClient] [trace] [25680]: Attempting to retrieve RBXClient data...
[2026-02-15 22:17:47.229] [RBXClient] [trace] [25680]: Successfully retrieved RBXClient data (Primary)
[2026-02-15 22:17:47.230] [RBXClient] [debug] [25680]: Fetching DataModel...
[2026-02-15 22:17:47.258] [RBXClient] [debug] [25680]: 	String: 0x16b9ea37250
[2026-02-15 22:17:47.258] [RBXClient] [debug] [25680]: 	RenderView: 0x16b9e98dc80
[2026-02-15 22:17:47.259] [RBXClient] [debug] [25680]: DataModel (Ugc): 0x16b93aab638
[2026-02-15 22:17:47.260] [RBXClient] [debug] [25680]: LocalPlayer: 0x16ba0899080
[2026-02-15 22:17:47.260] [RBXClient] [debug] [ergergegrg51 (25680)]: LocalPlayer Name: 'ergergegrg51'
[2026-02-15 22:17:47.261] [RBXClient] [trace] [ergergegrg51 (25680)]: Attaching in-game using translation module.
[2026-02-15 22:17:47.262] [RBXClient] [debug] [ergergegrg51 (25680)]: EventConnection: 0x16b9ad32700, SharedString: 0x16b9975f100
[2026-02-15 22:17:47.421] [RBXClient] [trace] [ergergegrg51 (25680)]: Intercepted translation module @0x16b9ad35100
[2026-02-15 22:17:47.445] [RBXClient] [trace] [ergergegrg51 (25680)][::CRefresh]: Client DataModel refreshed
[2026-02-15 22:17:47.450] [RBXClient] [trace] [ergergegrg51 (25680)]: Attach ping received from client "ergergegrg51", This indicates everything was successful.
[2026-02-15 22:18:06.729] [RBXClient] [trace] [ergergegrg51 (25680)][::~RBXClient]: Client was closed and cleaned up successfully
[2026-02-15 22:18:06.729] [Xeno] [info] Removed RBXClient: 25680
