[2026-02-15 00:17:10.462] [Xeno] [trace] Xeno is only maintained by Rizve. If you find any bugs, have any question, or just want to chat email me rizve@xeno.onl or DM me on Discord: .rizve
[2026-02-15 00:17:10.462] [Xeno] [info] Version: Xeno - v1.3.25b
[2026-02-15 00:17:10.462] [Xeno] [info] Log file: C:\Users\Theso\OneDrive\Desktop\Cmmdx - xeno\CmmdxExecut\CmmdxExecut\bin\Debug\net8.0-windows\logs\2026-02-15_00-17-10.log
[2026-02-15 00:17:10.463] [Xeno] [debug] Client Checker thread: 0x74d777eb10
[2026-02-15 00:17:10.463] [Xeno] [debug] Xeno Caching thread: 0x74d777eb00
[2026-02-15 00:17:10.463] [Xeno] [debug] WebSockets Cleaner thread: 0x74d777eaf0
[2026-02-15 00:17:10.463] [Cache] [info] Caching file: C:\Users\Theso\AppData\Local\Xeno\XENO_CACHE.bin
[2026-02-15 00:17:10.463] [Xeno] [debug] Xeno Server thread: 0x74d777eae0
[2026-02-15 00:17:10.464] [Server] [info] Xeno Server is Live on http://localhost:3110
[2026-02-15 00:17:10.464] [Server] [info] Visit http://localhost:3110 to view any additional information
[2026-02-15 00:17:50.156] [Xeno] [info] Creating new RBXClient: 26692
[2026-02-15 00:17:50.156] [RBXClient] [info] [26692]: Initializing...
[2026-02-15 00:17:50.156] [RBXClient] [info] [26692]: Version: version-bd08027bb04e4045
[2026-02-15 00:17:50.156] [Xeno] [debug] Created RBXClient instance @0x27af1d8eb90
[2026-02-15 00:17:50.156] [Xeno] [info] Successfully created RBXClient: 26692
[2026-02-15 00:17:50.156] [RBXClient] [trace] [26692]: Attempting to retrieve RBXClient data...
[2026-02-15 00:17:50.289] [RBXClient] [trace] [26692]: Successfully retrieved RBXClient data (Primary)
[2026-02-15 00:17:50.289] [RBXClient] [debug] [26692]: Fetching DataModel...
[2026-02-15 00:17:50.318] [RBXClient] [debug] [26692]: 	String: 0x20ead037250
[2026-02-15 00:17:50.318] [RBXClient] [debug] [26692]: 	RenderView: 0x20eacf8dc80
[2026-02-15 00:17:50.319] [RBXClient] [debug] [26692]: DataModel (Ugc): 0x20ea1bcb638
[2026-02-15 00:17:50.320] [RBXClient] [debug] [26692]: LocalPlayer: 0x20ead646080
[2026-02-15 00:17:50.320] [RBXClient] [debug] [ergergegrg51 (26692)]: LocalPlayer Name: 'ergergegrg51'
[2026-02-15 00:17:50.321] [RBXClient] [trace] [ergergegrg51 (26692)]: Attaching in-game using translation module.
[2026-02-15 00:17:50.321] [RBXClient] [debug] [ergergegrg51 (26692)]: EventConnection: 0x20ea8a02700, SharedString: 0x20ea7bfa780
[2026-02-15 00:17:50.469] [RBXClient] [trace] [ergergegrg51 (26692)]: Intercepted translation module @0x20ea8a05100
[2026-02-15 00:17:50.491] [RBXClient] [trace] [ergergegrg51 (26692)][::CRefresh]: Client DataModel refreshed
[2026-02-15 00:17:50.496] [RBXClient] [trace] [ergergegrg51 (26692)]: Attach ping received from client "ergergegrg51", This indicates everything was successful.
[2026-02-15 00:18:50.458] [RBXClient] [trace] [ergergegrg51 (26692)][::~RBXClient]: Client was closed and cleaned up successfully
[2026-02-15 00:18:50.458] [Xeno] [info] Removed RBXClient: 26692
