[2026-02-15 00:03:32.572] [Xeno] [trace] Xeno is only maintained by Rizve. If you find any bugs, have any question, or just want to chat email me rizve@xeno.onl or DM me on Discord: .rizve
[2026-02-15 00:03:32.572] [Xeno] [info] Version: Xeno - v1.3.25b
[2026-02-15 00:03:32.572] [Xeno] [info] Log file: C:\Users\Theso\OneDrive\Desktop\Cmmdx - xeno\CmmdxExecut\CmmdxExecut\bin\Debug\net8.0-windows\logs\2026-02-15_00-03-32.log
[2026-02-15 00:03:32.574] [Xeno] [debug] Client Checker thread: 0xe373d7e460
[2026-02-15 00:03:32.574] [Xeno] [debug] Xeno Caching thread: 0xe373d7e450
[2026-02-15 00:03:32.574] [Xeno] [debug] WebSockets Cleaner thread: 0xe373d7e440
[2026-02-15 00:03:32.574] [Cache] [info] Caching file: C:\Users\Theso\AppData\Local\Xeno\XENO_CACHE.bin
[2026-02-15 00:03:32.574] [Xeno] [debug] Xeno Server thread: 0xe373d7e430
[2026-02-15 00:03:32.575] [Server] [info] Xeno Server is Live on http://localhost:3110
[2026-02-15 00:03:32.575] [Server] [info] Visit http://localhost:3110 to view any additional information
[2026-02-15 00:03:44.810] [Xeno] [info] Creating new RBXClient: 24460
[2026-02-15 00:03:44.810] [RBXClient] [info] [24460]: Initializing...
[2026-02-15 00:03:44.810] [RBXClient] [info] [24460]: Version: version-bd08027bb04e4045
[2026-02-15 00:03:44.810] [Xeno] [debug] Created RBXClient instance @0x2683f53a9b0
[2026-02-15 00:03:44.810] [Xeno] [info] Successfully created RBXClient: 24460
[2026-02-15 00:03:44.810] [RBXClient] [trace] [24460]: Attempting to retrieve RBXClient data...
[2026-02-15 00:03:44.966] [RBXClient] [trace] [24460]: Successfully retrieved RBXClient data (Primary)
[2026-02-15 00:03:44.967] [RBXClient] [debug] [24460]: Fetching DataModel...
[2026-02-15 00:03:45.000] [RBXClient] [debug] [24460]: 	String: 0x228ba845e50
[2026-02-15 00:03:45.000] [RBXClient] [debug] [24460]: 	RenderView: 0x228ba77dc80
[2026-02-15 00:03:45.001] [RBXClient] [debug] [24460]: DataModel (Ugc): 0x228ad65b638
[2026-02-15 00:03:45.003] [RBXClient] [debug] [24460]: LocalPlayer: 0x228bc106080
[2026-02-15 00:03:45.003] [RBXClient] [debug] [ergergegrg51 (24460)]: LocalPlayer Name: 'ergergegrg51'
[2026-02-15 00:03:45.003] [RBXClient] [trace] [ergergegrg51 (24460)]: Attaching in-game using translation module.
[2026-02-15 00:03:45.004] [RBXClient] [debug] [ergergegrg51 (24460)]: EventConnection: 0x228b43f2700, SharedString: 0x228b33ca900
[2026-02-15 00:03:45.174] [RBXClient] [trace] [ergergegrg51 (24460)]: Intercepted translation module @0x228b43f5100
[2026-02-15 00:03:45.197] [RBXClient] [trace] [ergergegrg51 (24460)][::CRefresh]: Client DataModel refreshed
[2026-02-15 00:03:45.201] [RBXClient] [trace] [ergergegrg51 (24460)]: Attach ping received from client "ergergegrg51", This indicates everything was successful.
