[2026-02-16 14:51:34.382] [Xeno] [trace] Xeno is only maintained by Rizve. If you find any bugs, have any question, or just want to chat email me rizve@xeno.onl or DM me on Discord: .rizve
[2026-02-16 14:51:34.383] [Xeno] [info] Version: Xeno - v1.3.25b
[2026-02-16 14:51:34.383] [Xeno] [info] Log file: C:\Users\Theso\OneDrive\Desktop\Cmmdx - xeno\CmmdxExecut\CmmdxExecut\bin\Debug\net8.0-windows\logs\2026-02-16_14-51-34.log
[2026-02-16 14:51:34.383] [Xeno] [debug] Client Checker thread: 0xc4cbb7e470
[2026-02-16 14:51:34.383] [Xeno] [debug] Xeno Caching thread: 0xc4cbb7e460
[2026-02-16 14:51:34.384] [Xeno] [debug] WebSockets Cleaner thread: 0xc4cbb7e450
[2026-02-16 14:51:34.384] [Cache] [info] Caching file: C:\Users\Theso\AppData\Local\Xeno\XENO_CACHE.bin
[2026-02-16 14:51:34.384] [Xeno] [debug] Xeno Server thread: 0xc4cbb7e440
[2026-02-16 14:51:34.384] [Server] [info] Xeno Server is Live on http://localhost:3110
[2026-02-16 14:51:34.384] [Server] [info] Visit http://localhost:3110 to view any additional information
[2026-02-16 14:52:36.355] [Xeno] [info] Creating new RBXClient: 3828
[2026-02-16 14:52:36.356] [RBXClient] [info] [3828]: Initializing...
[2026-02-16 14:52:36.356] [RBXClient] [info] [3828]: Version: version-bd08027bb04e4045
[2026-02-16 14:52:36.356] [Xeno] [debug] Created RBXClient instance @0x27bdd1a2280
[2026-02-16 14:52:36.356] [Xeno] [info] Successfully created RBXClient: 3828
[2026-02-16 14:52:36.356] [RBXClient] [trace] [3828]: Attempting to retrieve RBXClient data...
[2026-02-16 14:52:36.523] [RBXClient] [trace] [3828]: Successfully retrieved RBXClient data (Primary)
[2026-02-16 14:52:36.524] [RBXClient] [debug] [3828]: Fetching DataModel...
[2026-02-16 14:52:36.540] [RBXClient] [debug] [3828]: 	String: 0x1bd8d717250
[2026-02-16 14:52:36.540] [RBXClient] [debug] [3828]: 	RenderView: 0x1bd8d68dc80
[2026-02-16 14:52:36.541] [RBXClient] [debug] [3828]: DataModel (Ugc): 0x1bd806cb638
[2026-02-16 14:52:36.542] [RBXClient] [debug] [3828]: LocalPlayer: 0x1bd820e5080
[2026-02-16 14:52:36.542] [RBXClient] [debug] [ergergegrg51 (3828)]: LocalPlayer Name: 'ergergegrg51'
[2026-02-16 14:52:36.543] [RBXClient] [trace] [ergergegrg51 (3828)]: Attaching in-game using translation module.
[2026-02-16 14:52:36.544] [RBXClient] [debug] [ergergegrg51 (3828)]: EventConnection: 0x1bd877c2700, SharedString: 0x1bd877a3c80
[2026-02-16 14:52:36.679] [RBXClient] [trace] [ergergegrg51 (3828)]: Intercepted translation module @0x1bd877c5100
[2026-02-16 14:52:36.704] [RBXClient] [trace] [ergergegrg51 (3828)][::CRefresh]: Client DataModel refreshed
[2026-02-16 14:52:36.708] [RBXClient] [trace] [ergergegrg51 (3828)]: Attach ping received from client "ergergegrg51", This indicates everything was successful.
