[2026-02-16 16:28:31.561] [Xeno] [trace] Xeno is only maintained by Rizve. If you find any bugs, have any question, or just want to chat email me rizve@xeno.onl or DM me on Discord: .rizve
[2026-02-16 16:28:31.561] [Xeno] [info] Version: Xeno - v1.3.25b
[2026-02-16 16:28:31.561] [Xeno] [info] Log file: C:\Users\Theso\OneDrive\Desktop\Cmmdx - xeno\CmmdxExecut\CmmdxExecut\bin\Debug\net8.0-windows\logs\2026-02-16_16-28-31.log
[2026-02-16 16:28:31.562] [Xeno] [debug] Client Checker thread: 0x5cde97e460
[2026-02-16 16:28:31.562] [Xeno] [debug] Xeno Caching thread: 0x5cde97e450
[2026-02-16 16:28:31.562] [Xeno] [debug] WebSockets Cleaner thread: 0x5cde97e440
[2026-02-16 16:28:31.562] [Cache] [info] Caching file: C:\Users\Theso\AppData\Local\Xeno\XENO_CACHE.bin
[2026-02-16 16:28:31.562] [Xeno] [debug] Xeno Server thread: 0x5cde97e430
[2026-02-16 16:28:31.563] [Server] [info] Xeno Server is Live on http://localhost:3110
[2026-02-16 16:28:31.563] [Server] [info] Visit http://localhost:3110 to view any additional information
[2026-02-16 16:29:23.047] [Xeno] [info] Creating new RBXClient: 23520
[2026-02-16 16:29:23.047] [RBXClient] [info] [23520]: Initializing...
[2026-02-16 16:29:23.047] [RBXClient] [info] [23520]: Version: version-bd08027bb04e4045
[2026-02-16 16:29:23.047] [Xeno] [debug] Created RBXClient instance @0x1e80b6c4da0
[2026-02-16 16:29:23.047] [Xeno] [info] Successfully created RBXClient: 23520
[2026-02-16 16:29:23.047] [RBXClient] [trace] [23520]: Attempting to retrieve RBXClient data...
[2026-02-16 16:29:23.198] [RBXClient] [trace] [23520]: Successfully retrieved RBXClient data (Primary)
[2026-02-16 16:29:23.199] [RBXClient] [debug] [23520]: Fetching DataModel...
[2026-02-16 16:29:23.221] [RBXClient] [debug] [23520]: 	String: 0x24f11848150
[2026-02-16 16:29:23.221] [RBXClient] [debug] [23520]: 	RenderView: 0x24f117adc80
[2026-02-16 16:29:23.222] [RBXClient] [debug] [23520]: DataModel (Ugc): 0x24f0a41b638
[2026-02-16 16:29:23.223] [RBXClient] [debug] [23520]: LocalPlayer: 0x24f0ea90080
[2026-02-16 16:29:23.223] [RBXClient] [debug] [ergergegrg51 (23520)]: LocalPlayer Name: 'ergergegrg51'
[2026-02-16 16:29:23.224] [RBXClient] [trace] [ergergegrg51 (23520)]: Attaching in-game using translation module.
[2026-02-16 16:29:23.225] [RBXClient] [debug] [ergergegrg51 (23520)]: EventConnection: 0x24f0d022700, SharedString: 0x24f0d004a80
[2026-02-16 16:29:23.356] [RBXClient] [trace] [ergergegrg51 (23520)]: Intercepted translation module @0x24f0d025100
[2026-02-16 16:29:23.377] [RBXClient] [trace] [ergergegrg51 (23520)][::CRefresh]: Client DataModel refreshed
[2026-02-16 16:29:23.381] [RBXClient] [trace] [ergergegrg51 (23520)]: Attach ping received from client "ergergegrg51", This indicates everything was successful.
[2026-02-16 16:29:49.932] [RBXClient] [trace] [ergergegrg51 (23520)][::~RBXClient]: Client was closed and cleaned up successfully
[2026-02-16 16:29:49.932] [Xeno] [info] Removed RBXClient: 23520
